<?xml version="1.0" encoding="UTF-8"?>
<!-- Generated by org.testng.reporters.JUnitXMLReporter -->
<testsuite hostname="mags.local" ignored="2" name="Default test" tests="1" failures="0" timestamp="02 Mar 2018 14:19:09 GMT" time="40.983" errors="0">
  <testcase name="AjouterAllBins" time="31.717" classname="AcsFunctionalTests.TestAjoutBinCFG"/>
  <testcase name="Retour" time="0.0" classname="AcsFunctionalTests.TestAjoutBinCFG">
    <ignored/>
  </testcase> <!-- Retour -->
  <testcase name="AjouterBin" time="0.0" classname="AcsFunctionalTests.TestAjoutBinCFG">
    <ignored/>
  </testcase> <!-- AjouterBin -->
</testsuite> <!-- Default test -->
