<?xml version="1.0" encoding="UTF-8"?>
<testng-results skipped="0" failed="0" ignored="2" total="3" passed="1">
  <reporter-output>
  </reporter-output>
  <suite name="Default suite" duration-ms="40983" started-at="2018-03-02T14:18:28Z" finished-at="2018-03-02T14:19:09Z">
    <groups>
    </groups>
    <test name="Default test" duration-ms="40983" started-at="2018-03-02T14:18:28Z" finished-at="2018-03-02T14:19:09Z">
      <class name="AcsFunctionalTests.TestAjoutBinCFG">
        <test-method status="PASS" signature="beforeTest()[pri:0, instance:AcsFunctionalTests.TestAjoutBinCFG@39c0f4a]" name="beforeTest" is-config="true" duration-ms="1470" started-at="2018-03-02T14:18:28Z" finished-at="2018-03-02T14:18:30Z">
          <reporter-output>
          </reporter-output>
        </test-method> <!-- beforeTest -->
        <test-method status="PASS" signature="A_initialisation()[pri:0, instance:AcsFunctionalTests.TestAjoutBinCFG@39c0f4a]" name="A_initialisation" is-config="true" duration-ms="1844" started-at="2018-03-02T14:18:30Z" finished-at="2018-03-02T14:18:32Z">
          <reporter-output>
          </reporter-output>
        </test-method> <!-- A_initialisation -->
        <test-method status="PASS" signature="B_initialisationConsultationBins()[pri:0, instance:AcsFunctionalTests.TestAjoutBinCFG@39c0f4a]" name="B_initialisationConsultationBins" is-config="true" duration-ms="3" started-at="2018-03-02T14:18:32Z" finished-at="2018-03-02T14:18:32Z">
          <reporter-output>
          </reporter-output>
        </test-method> <!-- B_initialisationConsultationBins -->
        <test-method status="PASS" signature="ClickAjouterBin()[pri:0, instance:AcsFunctionalTests.TestAjoutBinCFG@39c0f4a]" name="ClickAjouterBin" is-config="true" duration-ms="815" started-at="2018-03-02T14:18:32Z" finished-at="2018-03-02T14:18:32Z">
          <reporter-output>
          </reporter-output>
        </test-method> <!-- ClickAjouterBin -->
        <test-method status="PASS" signature="AjouterAllBins()[pri:31, instance:AcsFunctionalTests.TestAjoutBinCFG@39c0f4a]" name="AjouterAllBins" duration-ms="31717" started-at="2018-03-02T14:18:32Z" finished-at="2018-03-02T14:19:04Z">
          <reporter-output>
          </reporter-output>
        </test-method> <!-- AjouterAllBins -->
        <test-method status="PASS" signature="afterTest()[pri:0, instance:AcsFunctionalTests.TestAjoutBinCFG@39c0f4a]" name="afterTest" is-config="true" duration-ms="5114" started-at="2018-03-02T14:19:04Z" finished-at="2018-03-02T14:19:09Z">
          <reporter-output>
          </reporter-output>
        </test-method> <!-- afterTest -->
      </class> <!-- AcsFunctionalTests.TestAjoutBinCFG -->
    </test> <!-- Default test -->
  </suite> <!-- Default suite -->
</testng-results>
